<?xml version="1.0" encoding="UTF-8"?>
<testsuite xmlns:xsi="http://www.w3.org/2001/XMLSchema-instance" xsi:noNamespaceSchemaLocation="https://maven.apache.org/surefire/maven-surefire-plugin/xsd/surefire-test-report-3.0.xsd" version="3.0" name="com.crm.identity.IdentityServiceSmokeTest" time="5.963" tests="1" errors="0" skipped="0" failures="0">
  <properties>
[...]
</properties>
  <testcase name="contextLoads" classname="com.crm.identity.IdentityServiceSmokeTest" time="1.145">
    <system-out><![CDATA[02:52:21.413 [main] INFO org.springframework.test.context.support.AnnotationConfigContextLoaderUtils -- Could not detect default configuration classes for test class [com.crm.identity.IdentityServiceSmokeTest]: IdentityServiceSmokeTest does not declare any static, non-private, non-final, nested classes annotated with @Configuration.
02:52:21.580 [main] INFO org.springframework.boot.test.context.SpringBootTestContextBootstrapper -- Found @SpringBootConfiguration com.crm.identity.IdentityServiceApplication for test class com.crm.identity.IdentityServiceSmokeTest

  .   ____          _            __ _ _
 /\\ / ___'_ __ _ _(_)_ __  __ _ \ \ \ \
( ( )\___ | '_ | '_| | '_ \/ _` | \ \ \ \
 \\/  ___)| |_)| | | | | || (_| |  ) ) ) )
  '  |____| .__|_| |_|_| |_\__, | / / / /
 =========|_|==============|___/=/_/_/_/

 :: Spring Boot ::                (v3.3.6)

2026-07-18T02:52:22.547+02:00  INFO 12608 --- [identity-service] [           main] c.crm.identity.IdentityServiceSmokeTest  : Starting IdentityServiceSmokeTest using Java 21.0.11 with PID 12608 (started by marya in C:\Users\marya\crm\microservices\identity-service)
2026-07-18T02:52:22.550+02:00  INFO 12608 --- [identity-service] [           main] c.crm.identity.IdentityServiceSmokeTest  : No active profile set, falling back to 1 default profile: "default"
2026-07-18T02:52:24.158+02:00  INFO 12608 --- [identity-service] [           main] o.s.cloud.context.scope.GenericScope     : BeanFactory id=96e66150-aea8-3064-a050-817594519e26
2026-07-18T02:52:24.287+02:00  WARN 12608 --- [identity-service] [           main] trationDelegate$BeanPostProcessorChecker : Bean 'org.springframework.cloud.client.loadbalancer.LoadBalancerAutoConfiguration$DeferringLoadBalancerInterceptorConfig' of type [org.springframework.cloud.client.loadbalancer.LoadBalancerAutoConfiguration$DeferringLoadBalancerInterceptorConfig] is not eligible for getting processed by all BeanPostProcessors (for example: not eligible for auto-proxying). The currently created BeanPostProcessor [lbRestClientPostProcessor] is declared through a non-static factory method on that class; consider declaring it as static instead.
2026-07-18T02:52:24.291+02:00  WARN 12608 --- [identity-service] [           main] trationDelegate$BeanPostProcessorChecker : Bean 'deferringLoadBalancerInterceptor' of type [org.springframework.cloud.client.loadbalancer.DeferringLoadBalancerInterceptor] is not eligible for getting processed by all BeanPostProcessors (for example: not eligible for auto-proxying). Is this bean getting eagerly injected/applied to a currently created BeanPostProcessor [lbRestClientPostProcessor]? Check the corresponding BeanPostProcessor declaration and its dependencies/advisors. If this bean does not have to be post-processed, declare it with ROLE_INFRASTRUCTURE.
2026-07-18T02:52:25.688+02:00  WARN 12608 --- [identity-service] [           main] iguration$LoadBalancerCaffeineWarnLogger : Spring Cloud LoadBalancer is currently working with the default cache. While this cache implementation is useful for development and tests, it's recommended to use Caffeine cache in production.You can switch to using Caffeine cache, by adding it and org.springframework.cache.caffeine.CaffeineCacheManager to the classpath.
2026-07-18T02:52:25.708+02:00  INFO 12608 --- [identity-service] [           main] o.s.b.a.e.web.EndpointLinksResolver      : Exposing 2 endpoints beneath base path '/actuator'
2026-07-18T02:52:25.793+02:00  INFO 12608 --- [identity-service] [           main] c.crm.identity.IdentityServiceSmokeTest  : Started IdentityServiceSmokeTest in 3.96 seconds (process running for 5.596)
]]></system-out>
    <system-err><![CDATA[WARNING: A Java agent has been loaded dynamically (C:\Users\marya\.m2\repository\net\bytebuddy\byte-buddy-agent\1.14.19\byte-buddy-agent-1.14.19.jar)
WARNING: If a serviceability tool is in use, please run with -XX:+EnableDynamicAgentLoading to hide this warning
WARNING: If a serviceability tool is not in use, please run with -Djdk.instrument.traceUsage for more information
WARNING: Dynamic loading of agents will be disallowed by default in a future release
]]></system-err>
  </testcase>
</testsuite>